<?xml version="1.0" encoding="UTF-8"?>
<testsuite xmlns:xsi="http://www.w3.org/2001/XMLSchema-instance" xsi:noNamespaceSchemaLocation="https://maven.apache.org/surefire/maven-surefire-plugin/xsd/surefire-test-report-3.0.xsd" version="3.0" name="ru.alfastrah.embedi.tick.dao.repos.ClasspathTest" time="0.003" tests="1" errors="0" skipped="0" failures="0">
  <properties>
[...]
</properties>
  <testcase name="checkClasspathFiles" classname="ru.alfastrah.embedi.tick.dao.repos.ClasspathTest" time="0.002">
    <system-out><![CDATA[Classpath entry: /home/sergei/workspace/embedi/target/classes/db_schema/migrations
   - V1_1_0__initial.sql
   - V1_2_0__contacts.sql
]]></system-out>
  </testcase>
</testsuite>